[2025-05-30 20:13:37] Script démarré - 2025-05-30 20:13:37
[2025-05-30 20:13:37] Méthode non autorisée: GET
[2025-05-30 20:13:37] Erreur finale: Méthode non autorisée
[2025-05-30 20:14:57] Script démarré - 2025-05-30 20:14:57
[2025-05-30 20:14:57] Email reçu: micheglele@gmail.com
[2025-05-30 20:14:57] Tentative de connexion à la base de données...
[2025-05-30 20:14:57] Connexion à la base de données réussie
[2025-05-30 20:14:57] Vérification de la table newsletter...
[2025-05-30 20:14:57] La table newsletter existe déjà
[2025-05-30 20:14:57] Vérification si l'email existe déjà...
[2025-05-30 20:14:57] Tentative d'insertion dans la base de données...
[2025-05-30 20:14:57] Inscription réussie pour l'email: micheglele@gmail.com
[2025-05-30 20:17:19] Script démarré - 2025-05-30 20:17:19
[2025-05-30 20:17:19] Email reçu: micheeglele@gmail.com
[2025-05-30 20:17:19] Tentative de connexion à la base de données...
[2025-05-30 20:17:19] Connexion à la base de données réussie
[2025-05-30 20:17:19] Vérification si l'email existe déjà...
[2025-05-30 20:17:19] Email déjà inscrit: micheeglele@gmail.com
[2025-05-30 20:17:19] Erreur finale: Cette adresse email est déjà inscrite
[2025-05-30 20:17:26] Script démarré - 2025-05-30 20:17:26
[2025-05-30 20:17:26] Email reçu: jeffglele@gmail.com
[2025-05-30 20:17:26] Tentative de connexion à la base de données...
[2025-05-30 20:17:26] Connexion à la base de données réussie
[2025-05-30 20:17:26] Vérification si l'email existe déjà...
[2025-05-30 20:17:26] Tentative d'insertion dans la base de données...
[2025-05-30 20:17:26] Inscription réussie pour l'email: jeffglele@gmail.com
[2025-05-30 20:17:26] Tentative d'envoi de l'email de confirmation...
[2025-05-30 20:17:30] Email de confirmation envoyé avec succès
[2025-05-30 20:20:52] Script démarré - 2025-05-30 20:20:52
[2025-05-30 20:20:52] Email reçu: akadimadina0@gmail.com
[2025-05-30 20:20:52] Tentative de connexion à la base de données...
[2025-05-30 20:20:52] Connexion à la base de données réussie
[2025-05-30 20:20:52] Vérification si l'email existe déjà...
[2025-05-30 20:20:52] Tentative d'insertion dans la base de données...
[2025-05-30 20:20:52] Inscription réussie pour l'email: akadimadina0@gmail.com
[2025-05-30 20:20:52] Tentative d'envoi des emails de confirmation...
[2025-05-30 20:20:58] Emails de confirmation envoyés avec succès
[2025-05-31 21:39:03] Script démarré - 2025-05-31 21:39:03
[2025-05-31 21:39:03] Email reçu: micheglele@gmail.com
[2025-05-31 21:39:03] Tentative de connexion à la base de données...
[2025-05-31 21:39:03] Connexion à la base de données réussie
[2025-05-31 21:39:03] Vérification si l'email existe déjà...
[2025-05-31 21:39:03] Tentative d'insertion dans la base de données...
[2025-05-31 21:39:03] Inscription réussie pour l'email: micheglele@gmail.com
[2025-05-31 21:39:03] Tentative d'envoi des emails de confirmation...
[2025-05-31 21:39:13] Emails de confirmation envoyés avec succès
[2025-06-10 12:49:45] Script démarré - 2025-06-10 12:49:45
[2025-06-10 12:49:45] Méthode non autorisée: 
[2025-06-10 12:49:45] Erreur finale: Méthode non autorisée
